2024-08-13 10:47:50,086 [Worker-3: Loading available Gradle versions] INFO  o.e.b.c.i.u.g.PublishedGradleVersions - Gradle version information cache is up-to-date. Trying to read.
2024-08-13 10:50:20,097 [Worker-5: Import Getting Started Content] INFO  o.e.m.c.i.l.LifecycleMappingFactory - Using org.eclipse.m2e.jdt.JarLifecycleMapping lifecycle mapping for MavenProject: com.example:SQLDemo:0.0.1-SNAPSHOT @ C:\Users\kumar\OneDrive\Desktop\SPRING TOOL\ALL PROJECTS\JasperReport\SQLDemo\pom.xml.
2024-08-13 10:50:28,665 [Worker-5: Import Getting Started Content] INFO  o.e.m.j.i.AbstractJavaProjectConfigurator - Adding source folder /SQLDemo/src/main/java
2024-08-13 10:50:28,673 [Worker-5: Import Getting Started Content] INFO  o.e.m.j.i.AbstractJavaProjectConfigurator - Adding resource folder /SQLDemo/src/main/resources
2024-08-13 10:50:28,717 [Worker-5: Import Getting Started Content] INFO  o.e.m.j.i.AbstractJavaProjectConfigurator - Adding resource folder /SQLDemo/src/main/resources
2024-08-13 10:50:28,751 [Worker-5: Import Getting Started Content] INFO  o.e.m.j.i.AbstractJavaProjectConfigurator - Adding source folder /SQLDemo/src/test/java
2024-08-13 10:50:28,755 [Worker-5: Import Getting Started Content] INFO  o.e.m.j.i.AbstractJavaProjectConfigurator - Adding resource folder /SQLDemo/src/test/resources
2024-08-13 10:50:32,518 [Worker-5: Import Getting Started Content] INFO  o.e.m.c.i.p.ProjectConfigurationManager - Imported and configured 1 project(s) in 21 sec
2024-08-13 10:50:32,534 [Worker-5: Import Getting Started Content] INFO  o.e.m.c.i.p.ProjectConfigurationManager - Update started
2024-08-13 10:50:33,978 [Worker-5: Import Getting Started Content] INFO  o.e.m.c.i.l.LifecycleMappingFactory - Using org.eclipse.m2e.jdt.JarLifecycleMapping lifecycle mapping for MavenProject: com.example:SQLDemo:0.0.1-SNAPSHOT @ C:\Users\kumar\OneDrive\Desktop\SPRING TOOL\ALL PROJECTS\JasperReport\SQLDemo\pom.xml.
2024-08-13 10:50:35,772 [Worker-5: Import Getting Started Content] INFO  o.e.m.j.i.AbstractJavaProjectConfigurator - Adding source folder /SQLDemo/src/main/java
2024-08-13 10:50:35,774 [Worker-5: Import Getting Started Content] INFO  o.e.m.j.i.AbstractJavaProjectConfigurator - Adding resource folder /SQLDemo/src/main/resources
2024-08-13 10:50:35,777 [Worker-5: Import Getting Started Content] INFO  o.e.m.j.i.AbstractJavaProjectConfigurator - Adding resource folder /SQLDemo/src/main/resources
2024-08-13 10:50:35,778 [Worker-5: Import Getting Started Content] INFO  o.e.m.j.i.AbstractJavaProjectConfigurator - Adding source folder /SQLDemo/src/test/java
2024-08-13 10:50:35,783 [Worker-5: Import Getting Started Content] INFO  o.e.m.j.i.AbstractJavaProjectConfigurator - Adding resource folder /SQLDemo/src/test/resources
2024-08-13 10:50:39,349 [Worker-5: Import Getting Started Content] INFO  o.e.m.c.i.p.ProjectConfigurationManager - Update completed for 1 poms: local refresh takes 0.00 sec, refresh facades takes 2.00 sec, update config takes 1.00 sec 
2024-08-13 10:50:41,679 [Worker-3: Building] INFO  o.a.m.s.f.DefaultMavenResourcesFiltering - Copying 1 resource from src\main\resources to target\classes
2024-08-13 10:50:41,730 [Worker-3: Building] INFO  o.a.m.s.f.DefaultMavenResourcesFiltering - Copying 0 resource from src\main\resources to target\classes
2024-08-13 10:50:41,760 [Worker-3: Building] INFO  o.a.m.s.f.DefaultMavenResourcesFiltering - skip non existing resourceDirectory C:\Users\kumar\OneDrive\Desktop\SPRING TOOL\ALL PROJECTS\JasperReport\SQLDemo\src\test\resources
2024-08-13 10:54:18,973 [Worker-0: Building] INFO  o.a.m.s.f.DefaultMavenResourcesFiltering - Copying 1 resource from src\main\resources to target\classes
2024-08-13 10:54:18,985 [Worker-0: Building] INFO  o.a.m.s.f.DefaultMavenResourcesFiltering - Copying 0 resource from src\main\resources to target\classes
2024-08-13 10:54:19,005 [Worker-0: Building] INFO  o.a.m.s.f.DefaultMavenResourcesFiltering - skip non existing resourceDirectory C:\Users\kumar\OneDrive\Desktop\SPRING TOOL\ALL PROJECTS\JasperReport\SQLDemo\src\test\resources
2024-08-13 10:56:08,705 [Worker-4: Building] INFO  o.a.m.s.f.DefaultMavenResourcesFiltering - Copying 1 resource from src\main\resources to target\classes
2024-08-13 10:56:08,714 [Worker-4: Building] INFO  o.a.m.s.f.DefaultMavenResourcesFiltering - Copying 0 resource from src\main\resources to target\classes
2024-08-13 10:56:08,733 [Worker-4: Building] INFO  o.a.m.s.f.DefaultMavenResourcesFiltering - skip non existing resourceDirectory C:\Users\kumar\OneDrive\Desktop\SPRING TOOL\ALL PROJECTS\JasperReport\SQLDemo\src\test\resources
2024-08-13 10:56:32,443 [Worker-0: Building] INFO  o.a.m.s.f.DefaultMavenResourcesFiltering - Copying 1 resource from src\main\resources to target\classes
2024-08-13 10:56:32,449 [Worker-0: Building] INFO  o.a.m.s.f.DefaultMavenResourcesFiltering - Copying 0 resource from src\main\resources to target\classes
2024-08-13 10:56:32,455 [Worker-0: Building] INFO  o.a.m.s.f.DefaultMavenResourcesFiltering - skip non existing resourceDirectory C:\Users\kumar\OneDrive\Desktop\SPRING TOOL\ALL PROJECTS\JasperReport\SQLDemo\src\test\resources
2024-08-13 10:58:11,519 [Worker-10: Building] INFO  o.e.m.c.i.l.LifecycleMappingFactory - Using org.eclipse.m2e.jdt.JarLifecycleMapping lifecycle mapping for MavenProject: com.example:SQLDemo:0.0.1-SNAPSHOT @ C:\Users\kumar\OneDrive\Desktop\SPRING TOOL\ALL PROJECTS\JasperReport\SQLDemo\pom.xml.
2024-08-13 10:58:12,906 [Worker-10: Building] INFO  o.a.m.s.f.DefaultMavenResourcesFiltering - Copying 0 resource from src\main\resources to target\classes
2024-08-13 10:58:12,907 [Worker-10: Building] INFO  o.a.m.s.f.DefaultMavenResourcesFiltering - Copying 0 resource from src\main\resources to target\classes
2024-08-13 10:58:12,914 [Worker-10: Building] INFO  o.a.m.s.f.DefaultMavenResourcesFiltering - skip non existing resourceDirectory C:\Users\kumar\OneDrive\Desktop\SPRING TOOL\ALL PROJECTS\JasperReport\SQLDemo\src\test\resources
2024-08-13 10:58:13,376 [Worker-12: Building] INFO  o.a.m.s.f.DefaultMavenResourcesFiltering - Copying 1 resource from src\main\resources to target\classes
2024-08-13 10:58:13,400 [Worker-12: Building] INFO  o.a.m.s.f.DefaultMavenResourcesFiltering - Copying 0 resource from src\main\resources to target\classes
2024-08-13 10:58:13,406 [Worker-12: Building] INFO  o.a.m.s.f.DefaultMavenResourcesFiltering - skip non existing resourceDirectory C:\Users\kumar\OneDrive\Desktop\SPRING TOOL\ALL PROJECTS\JasperReport\SQLDemo\src\test\resources
2024-08-13 10:58:32,431 [Worker-11: Building] INFO  o.a.m.s.f.DefaultMavenResourcesFiltering - Copying 1 resource from src\main\resources to target\classes
2024-08-13 10:58:32,436 [Worker-11: Building] INFO  o.a.m.s.f.DefaultMavenResourcesFiltering - Copying 0 resource from src\main\resources to target\classes
2024-08-13 10:58:32,442 [Worker-11: Building] INFO  o.a.m.s.f.DefaultMavenResourcesFiltering - skip non existing resourceDirectory C:\Users\kumar\OneDrive\Desktop\SPRING TOOL\ALL PROJECTS\JasperReport\SQLDemo\src\test\resources
2024-08-13 10:59:14,748 [Worker-11: Building] INFO  o.a.m.s.f.DefaultMavenResourcesFiltering - Copying 1 resource from src\main\resources to target\classes
2024-08-13 10:59:14,753 [Worker-11: Building] INFO  o.a.m.s.f.DefaultMavenResourcesFiltering - Copying 0 resource from src\main\resources to target\classes
2024-08-13 10:59:14,759 [Worker-11: Building] INFO  o.a.m.s.f.DefaultMavenResourcesFiltering - skip non existing resourceDirectory C:\Users\kumar\OneDrive\Desktop\SPRING TOOL\ALL PROJECTS\JasperReport\SQLDemo\src\test\resources
2024-08-13 10:59:22,602 [Worker-10: Building] INFO  o.a.m.s.f.DefaultMavenResourcesFiltering - Copying 1 resource from src\main\resources to target\classes
2024-08-13 10:59:22,606 [Worker-10: Building] INFO  o.a.m.s.f.DefaultMavenResourcesFiltering - Copying 0 resource from src\main\resources to target\classes
2024-08-13 10:59:22,610 [Worker-10: Building] INFO  o.a.m.s.f.DefaultMavenResourcesFiltering - skip non existing resourceDirectory C:\Users\kumar\OneDrive\Desktop\SPRING TOOL\ALL PROJECTS\JasperReport\SQLDemo\src\test\resources
2024-08-13 10:59:28,841 [Worker-11: Building] INFO  o.a.m.s.f.DefaultMavenResourcesFiltering - Copying 1 resource from src\main\resources to target\classes
2024-08-13 10:59:28,846 [Worker-11: Building] INFO  o.a.m.s.f.DefaultMavenResourcesFiltering - Copying 0 resource from src\main\resources to target\classes
2024-08-13 10:59:28,851 [Worker-11: Building] INFO  o.a.m.s.f.DefaultMavenResourcesFiltering - skip non existing resourceDirectory C:\Users\kumar\OneDrive\Desktop\SPRING TOOL\ALL PROJECTS\JasperReport\SQLDemo\src\test\resources
2024-08-13 10:59:48,501 [Worker-3: Building] INFO  o.a.m.s.f.DefaultMavenResourcesFiltering - Copying 1 resource from src\main\resources to target\classes
2024-08-13 10:59:48,506 [Worker-3: Building] INFO  o.a.m.s.f.DefaultMavenResourcesFiltering - Copying 0 resource from src\main\resources to target\classes
2024-08-13 10:59:48,515 [Worker-3: Building] INFO  o.a.m.s.f.DefaultMavenResourcesFiltering - skip non existing resourceDirectory C:\Users\kumar\OneDrive\Desktop\SPRING TOOL\ALL PROJECTS\JasperReport\SQLDemo\src\test\resources
2024-08-13 11:00:39,535 [Worker-8: Building] INFO  o.a.m.s.f.DefaultMavenResourcesFiltering - Copying 1 resource from src\main\resources to target\classes
2024-08-13 11:00:39,542 [Worker-8: Building] INFO  o.a.m.s.f.DefaultMavenResourcesFiltering - Copying 0 resource from src\main\resources to target\classes
2024-08-13 11:00:39,548 [Worker-8: Building] INFO  o.a.m.s.f.DefaultMavenResourcesFiltering - skip non existing resourceDirectory C:\Users\kumar\OneDrive\Desktop\SPRING TOOL\ALL PROJECTS\JasperReport\SQLDemo\src\test\resources
2024-08-13 11:01:17,092 [Worker-8: Building] INFO  o.a.m.s.f.DefaultMavenResourcesFiltering - Copying 1 resource from src\main\resources to target\classes
2024-08-13 11:01:17,104 [Worker-8: Building] INFO  o.a.m.s.f.DefaultMavenResourcesFiltering - Copying 0 resource from src\main\resources to target\classes
2024-08-13 11:01:17,112 [Worker-8: Building] INFO  o.a.m.s.f.DefaultMavenResourcesFiltering - skip non existing resourceDirectory C:\Users\kumar\OneDrive\Desktop\SPRING TOOL\ALL PROJECTS\JasperReport\SQLDemo\src\test\resources
2024-08-13 15:49:04,663 [Worker-21: Building] INFO  o.a.m.s.f.DefaultMavenResourcesFiltering - Copying 0 resource from src\main\resources to target\classes
2024-08-13 15:49:04,679 [Worker-21: Building] INFO  o.a.m.s.f.DefaultMavenResourcesFiltering - Copying 1 resource from src\main\resources to target\classes
2024-08-13 15:49:04,696 [Worker-21: Building] INFO  o.a.m.s.f.DefaultMavenResourcesFiltering - skip non existing resourceDirectory C:\Users\kumar\OneDrive\Desktop\SPRING TOOL\ALL PROJECTS\JasperReport\SQLDemo\src\test\resources
2024-08-13 15:49:21,839 [Worker-21: Building] INFO  o.a.m.s.f.DefaultMavenResourcesFiltering - Copying 1 resource from src\main\resources to target\classes
2024-08-13 15:49:21,979 [Worker-21: Building] INFO  o.a.m.s.f.DefaultMavenResourcesFiltering - Copying 1 resource from src\main\resources to target\classes
2024-08-13 15:49:21,987 [Worker-21: Building] INFO  o.a.m.s.f.DefaultMavenResourcesFiltering - skip non existing resourceDirectory C:\Users\kumar\OneDrive\Desktop\SPRING TOOL\ALL PROJECTS\JasperReport\SQLDemo\src\test\resources
2024-08-13 16:00:13,224 [Worker-24: Building] INFO  o.a.m.s.f.DefaultMavenResourcesFiltering - Copying 1 resource from src\main\resources to target\classes
2024-08-13 16:00:13,244 [Worker-24: Building] INFO  o.a.m.s.f.DefaultMavenResourcesFiltering - Copying 1 resource from src\main\resources to target\classes
2024-08-13 16:00:13,251 [Worker-24: Building] INFO  o.a.m.s.f.DefaultMavenResourcesFiltering - skip non existing resourceDirectory C:\Users\kumar\OneDrive\Desktop\SPRING TOOL\ALL PROJECTS\JasperReport\SQLDemo\src\test\resources
2024-08-13 16:00:56,445 [Worker-23: Building] INFO  o.a.m.s.f.DefaultMavenResourcesFiltering - Copying 1 resource from src\main\resources to target\classes
2024-08-13 16:00:56,453 [Worker-23: Building] INFO  o.a.m.s.f.DefaultMavenResourcesFiltering - Copying 1 resource from src\main\resources to target\classes
2024-08-13 16:00:56,460 [Worker-23: Building] INFO  o.a.m.s.f.DefaultMavenResourcesFiltering - skip non existing resourceDirectory C:\Users\kumar\OneDrive\Desktop\SPRING TOOL\ALL PROJECTS\JasperReport\SQLDemo\src\test\resources
2024-08-13 16:02:00,755 [Worker-23: Building] INFO  o.a.m.s.f.DefaultMavenResourcesFiltering - Copying 1 resource from src\main\resources to target\classes
2024-08-13 16:02:00,804 [Worker-23: Building] INFO  o.a.m.s.f.DefaultMavenResourcesFiltering - Copying 1 resource from src\main\resources to target\classes
2024-08-13 16:02:00,824 [Worker-23: Building] INFO  o.a.m.s.f.DefaultMavenResourcesFiltering - skip non existing resourceDirectory C:\Users\kumar\OneDrive\Desktop\SPRING TOOL\ALL PROJECTS\JasperReport\SQLDemo\src\test\resources
2024-08-13 16:02:10,402 [Worker-25: Building] INFO  o.a.m.s.f.DefaultMavenResourcesFiltering - Copying 1 resource from src\main\resources to target\classes
2024-08-13 16:02:10,421 [Worker-25: Building] INFO  o.a.m.s.f.DefaultMavenResourcesFiltering - Copying 1 resource from src\main\resources to target\classes
2024-08-13 16:02:10,425 [Worker-25: Building] INFO  o.a.m.s.f.DefaultMavenResourcesFiltering - skip non existing resourceDirectory C:\Users\kumar\OneDrive\Desktop\SPRING TOOL\ALL PROJECTS\JasperReport\SQLDemo\src\test\resources
2024-08-13 16:02:24,420 [Worker-23: Building] INFO  o.a.m.s.f.DefaultMavenResourcesFiltering - Copying 1 resource from src\main\resources to target\classes
2024-08-13 16:02:24,434 [Worker-23: Building] INFO  o.a.m.s.f.DefaultMavenResourcesFiltering - Copying 1 resource from src\main\resources to target\classes
2024-08-13 16:02:24,439 [Worker-23: Building] INFO  o.a.m.s.f.DefaultMavenResourcesFiltering - skip non existing resourceDirectory C:\Users\kumar\OneDrive\Desktop\SPRING TOOL\ALL PROJECTS\JasperReport\SQLDemo\src\test\resources
2024-08-13 16:02:27,021 [Worker-28: Building] INFO  o.a.m.s.f.DefaultMavenResourcesFiltering - Copying 1 resource from src\main\resources to target\classes
2024-08-13 16:02:27,068 [Worker-28: Building] INFO  o.a.m.s.f.DefaultMavenResourcesFiltering - Copying 1 resource from src\main\resources to target\classes
2024-08-13 16:02:27,072 [Worker-28: Building] INFO  o.a.m.s.f.DefaultMavenResourcesFiltering - skip non existing resourceDirectory C:\Users\kumar\OneDrive\Desktop\SPRING TOOL\ALL PROJECTS\JasperReport\SQLDemo\src\test\resources
2024-08-13 16:02:46,231 [Worker-27: Building] INFO  o.a.m.s.f.DefaultMavenResourcesFiltering - Copying 1 resource from src\main\resources to target\classes
2024-08-13 16:02:46,236 [Worker-27: Building] INFO  o.a.m.s.f.DefaultMavenResourcesFiltering - Copying 1 resource from src\main\resources to target\classes
2024-08-13 16:02:46,240 [Worker-27: Building] INFO  o.a.m.s.f.DefaultMavenResourcesFiltering - skip non existing resourceDirectory C:\Users\kumar\OneDrive\Desktop\SPRING TOOL\ALL PROJECTS\JasperReport\SQLDemo\src\test\resources
2024-08-13 16:09:28,340 [Worker-23: Building] INFO  o.a.m.s.f.DefaultMavenResourcesFiltering - Copying 0 resource from src\main\resources to target\classes
2024-08-13 16:09:28,344 [Worker-23: Building] INFO  o.a.m.s.f.DefaultMavenResourcesFiltering - Copying 0 resource from src\main\resources to target\classes
2024-08-13 16:09:28,349 [Worker-23: Building] INFO  o.a.m.s.f.DefaultMavenResourcesFiltering - skip non existing resourceDirectory C:\Users\kumar\OneDrive\Desktop\SPRING TOOL\ALL PROJECTS\JasperReport\SQLDemo\src\test\resources
2024-08-13 16:09:31,541 [Worker-23: Building] INFO  o.a.m.s.f.DefaultMavenResourcesFiltering - Copying 0 resource from src\main\resources to target\classes
2024-08-13 16:09:31,543 [Worker-23: Building] INFO  o.a.m.s.f.DefaultMavenResourcesFiltering - Copying 1 resource from src\main\resources to target\classes
2024-08-13 16:09:31,553 [Worker-23: Building] INFO  o.a.m.s.f.DefaultMavenResourcesFiltering - skip non existing resourceDirectory C:\Users\kumar\OneDrive\Desktop\SPRING TOOL\ALL PROJECTS\JasperReport\SQLDemo\src\test\resources
2024-08-13 16:15:11,822 [Worker-28: Building] INFO  o.a.m.s.f.DefaultMavenResourcesFiltering - Copying 0 resource from src\main\resources to target\classes
2024-08-13 16:15:11,824 [Worker-28: Building] INFO  o.a.m.s.f.DefaultMavenResourcesFiltering - Copying 0 resource from src\main\resources to target\classes
2024-08-13 16:15:11,828 [Worker-28: Building] INFO  o.a.m.s.f.DefaultMavenResourcesFiltering - skip non existing resourceDirectory C:\Users\kumar\OneDrive\Desktop\SPRING TOOL\ALL PROJECTS\JasperReport\SQLDemo\src\test\resources
2024-08-13 16:15:29,152 [Worker-34: Building] INFO  o.a.m.s.f.DefaultMavenResourcesFiltering - Copying 0 resource from src\main\resources to target\classes
2024-08-13 16:15:29,154 [Worker-34: Building] INFO  o.a.m.s.f.DefaultMavenResourcesFiltering - Copying 1 resource from src\main\resources to target\classes
2024-08-13 16:15:29,163 [Worker-34: Building] INFO  o.a.m.s.f.DefaultMavenResourcesFiltering - skip non existing resourceDirectory C:\Users\kumar\OneDrive\Desktop\SPRING TOOL\ALL PROJECTS\JasperReport\SQLDemo\src\test\resources
2024-08-13 16:15:49,300 [Worker-34: Building] INFO  o.a.m.s.f.DefaultMavenResourcesFiltering - Copying 1 resource from src\main\resources to target\classes
2024-08-13 16:15:49,379 [Worker-34: Building] INFO  o.a.m.s.f.DefaultMavenResourcesFiltering - Copying 1 resource from src\main\resources to target\classes
2024-08-13 16:15:49,384 [Worker-34: Building] INFO  o.a.m.s.f.DefaultMavenResourcesFiltering - skip non existing resourceDirectory C:\Users\kumar\OneDrive\Desktop\SPRING TOOL\ALL PROJECTS\JasperReport\SQLDemo\src\test\resources
2024-08-13 16:16:03,314 [Worker-34: Building] INFO  o.a.m.s.f.DefaultMavenResourcesFiltering - Copying 1 resource from src\main\resources to target\classes
2024-08-13 16:16:03,337 [Worker-34: Building] INFO  o.a.m.s.f.DefaultMavenResourcesFiltering - Copying 1 resource from src\main\resources to target\classes
2024-08-13 16:16:03,342 [Worker-34: Building] INFO  o.a.m.s.f.DefaultMavenResourcesFiltering - skip non existing resourceDirectory C:\Users\kumar\OneDrive\Desktop\SPRING TOOL\ALL PROJECTS\JasperReport\SQLDemo\src\test\resources
2024-08-13 16:21:00,986 [Worker-37: Building] INFO  o.a.m.s.f.DefaultMavenResourcesFiltering - Copying 0 resource from src\main\resources to target\classes
2024-08-13 16:21:00,988 [Worker-37: Building] INFO  o.a.m.s.f.DefaultMavenResourcesFiltering - Copying 1 resource from src\main\resources to target\classes
2024-08-13 16:21:00,995 [Worker-37: Building] INFO  o.a.m.s.f.DefaultMavenResourcesFiltering - skip non existing resourceDirectory C:\Users\kumar\OneDrive\Desktop\SPRING TOOL\ALL PROJECTS\JasperReport\SQLDemo\src\test\resources
2024-08-13 16:38:16,665 [Worker-38: Building] INFO  o.a.m.s.f.DefaultMavenResourcesFiltering - Copying 0 resource from src\main\resources to target\classes
2024-08-13 16:38:16,667 [Worker-38: Building] INFO  o.a.m.s.f.DefaultMavenResourcesFiltering - Copying 0 resource from src\main\resources to target\classes
2024-08-13 16:38:16,673 [Worker-38: Building] INFO  o.a.m.s.f.DefaultMavenResourcesFiltering - skip non existing resourceDirectory C:\Users\kumar\OneDrive\Desktop\SPRING TOOL\ALL PROJECTS\JasperReport\SQLDemo\src\test\resources
2024-08-13 16:38:19,517 [Worker-42: Building] INFO  o.a.m.s.f.DefaultMavenResourcesFiltering - Copying 0 resource from src\main\resources to target\classes
2024-08-13 16:38:19,520 [Worker-42: Building] INFO  o.a.m.s.f.DefaultMavenResourcesFiltering - Copying 1 resource from src\main\resources to target\classes
2024-08-13 16:38:19,534 [Worker-42: Building] INFO  o.a.m.s.f.DefaultMavenResourcesFiltering - skip non existing resourceDirectory C:\Users\kumar\OneDrive\Desktop\SPRING TOOL\ALL PROJECTS\JasperReport\SQLDemo\src\test\resources
2024-08-13 16:38:38,023 [Worker-42: Building] INFO  o.a.m.s.f.DefaultMavenResourcesFiltering - Copying 1 resource from src\main\resources to target\classes
2024-08-13 16:38:38,468 [Worker-42: Building] INFO  o.a.m.s.f.DefaultMavenResourcesFiltering - Copying 1 resource from src\main\resources to target\classes
2024-08-13 16:38:38,498 [Worker-42: Building] INFO  o.a.m.s.f.DefaultMavenResourcesFiltering - skip non existing resourceDirectory C:\Users\kumar\OneDrive\Desktop\SPRING TOOL\ALL PROJECTS\JasperReport\SQLDemo\src\test\resources
2024-08-13 16:40:56,040 [Worker-42: Building] INFO  o.a.m.s.f.DefaultMavenResourcesFiltering - Copying 1 resource from src\main\resources to target\classes
2024-08-13 16:40:56,190 [Worker-42: Building] INFO  o.a.m.s.f.DefaultMavenResourcesFiltering - Copying 1 resource from src\main\resources to target\classes
2024-08-13 16:40:56,200 [Worker-42: Building] INFO  o.a.m.s.f.DefaultMavenResourcesFiltering - skip non existing resourceDirectory C:\Users\kumar\OneDrive\Desktop\SPRING TOOL\ALL PROJECTS\JasperReport\SQLDemo\src\test\resources
2024-08-13 16:41:39,119 [Worker-38: Building] INFO  o.a.m.s.f.DefaultMavenResourcesFiltering - Copying 1 resource from src\main\resources to target\classes
2024-08-13 16:41:39,177 [Worker-38: Building] INFO  o.a.m.s.f.DefaultMavenResourcesFiltering - Copying 1 resource from src\main\resources to target\classes
2024-08-13 16:41:39,181 [Worker-38: Building] INFO  o.a.m.s.f.DefaultMavenResourcesFiltering - skip non existing resourceDirectory C:\Users\kumar\OneDrive\Desktop\SPRING TOOL\ALL PROJECTS\JasperReport\SQLDemo\src\test\resources
2024-08-13 16:42:10,537 [Worker-43: Building] INFO  o.a.m.s.f.DefaultMavenResourcesFiltering - Copying 1 resource from src\main\resources to target\classes
2024-08-13 16:42:10,577 [Worker-43: Building] INFO  o.a.m.s.f.DefaultMavenResourcesFiltering - Copying 1 resource from src\main\resources to target\classes
2024-08-13 16:42:10,581 [Worker-43: Building] INFO  o.a.m.s.f.DefaultMavenResourcesFiltering - skip non existing resourceDirectory C:\Users\kumar\OneDrive\Desktop\SPRING TOOL\ALL PROJECTS\JasperReport\SQLDemo\src\test\resources
2024-08-13 16:42:17,906 [Worker-44: Building] INFO  o.a.m.s.f.DefaultMavenResourcesFiltering - Copying 1 resource from src\main\resources to target\classes
2024-08-13 16:42:17,914 [Worker-44: Building] INFO  o.a.m.s.f.DefaultMavenResourcesFiltering - Copying 1 resource from src\main\resources to target\classes
2024-08-13 16:42:17,918 [Worker-44: Building] INFO  o.a.m.s.f.DefaultMavenResourcesFiltering - skip non existing resourceDirectory C:\Users\kumar\OneDrive\Desktop\SPRING TOOL\ALL PROJECTS\JasperReport\SQLDemo\src\test\resources
2024-08-13 16:42:21,630 [Worker-32: Building] INFO  o.a.m.s.f.DefaultMavenResourcesFiltering - Copying 1 resource from src\main\resources to target\classes
2024-08-13 16:42:21,652 [Worker-32: Building] INFO  o.a.m.s.f.DefaultMavenResourcesFiltering - Copying 1 resource from src\main\resources to target\classes
2024-08-13 16:42:21,660 [Worker-32: Building] INFO  o.a.m.s.f.DefaultMavenResourcesFiltering - skip non existing resourceDirectory C:\Users\kumar\OneDrive\Desktop\SPRING TOOL\ALL PROJECTS\JasperReport\SQLDemo\src\test\resources
2024-08-13 16:50:15,819 [Worker-38: Building] INFO  o.a.m.s.f.DefaultMavenResourcesFiltering - Copying 0 resource from src\main\resources to target\classes
2024-08-13 16:50:15,821 [Worker-38: Building] INFO  o.a.m.s.f.DefaultMavenResourcesFiltering - Copying 1 resource from src\main\resources to target\classes
2024-08-13 16:50:15,831 [Worker-38: Building] INFO  o.a.m.s.f.DefaultMavenResourcesFiltering - skip non existing resourceDirectory C:\Users\kumar\OneDrive\Desktop\SPRING TOOL\ALL PROJECTS\JasperReport\SQLDemo\src\test\resources
2024-08-13 16:53:22,271 [Worker-38: Building] INFO  o.a.m.s.f.DefaultMavenResourcesFiltering - Copying 1 resource from src\main\resources to target\classes
2024-08-13 16:53:22,286 [Worker-38: Building] INFO  o.a.m.s.f.DefaultMavenResourcesFiltering - Copying 1 resource from src\main\resources to target\classes
2024-08-13 16:53:22,290 [Worker-38: Building] INFO  o.a.m.s.f.DefaultMavenResourcesFiltering - skip non existing resourceDirectory C:\Users\kumar\OneDrive\Desktop\SPRING TOOL\ALL PROJECTS\JasperReport\SQLDemo\src\test\resources
